2019-04-25 09:51:47,141 Music Randomizing Level Music
2019-04-25 09:51:47,145 Mario Randomizing Mario's Colors
2019-04-25 09:51:47,146 Warps Level: Big Boo's Haunt Area: 0x1
2019-04-25 09:51:47,146 Warps   Exits
2019-04-25 09:51:47,146 Warps   SUCCESS
2019-04-25 09:51:47,146 Warps     [('0xa', '0x382e02')]
2019-04-25 09:51:47,146 Warps   FAILURE
2019-04-25 09:51:47,146 Warps     [('0xb', '0x382e0a')]
2019-04-25 09:51:47,146 Warps 
2019-04-25 09:51:47,146 Warps   Entries:
2019-04-25 09:51:47,146 Warps [('0x5', '0x4af7ea')]
2019-04-25 09:51:47,146 Warps 
2019-04-25 09:51:47,146 Warps   Anim Warps:
2019-04-25 09:51:47,146 Warps   SUCCESS
2019-04-25 09:51:47,146 Warps     [('0xa', '0x4af7f2'), ('0xa', '0x4546d2')]
2019-04-25 09:51:47,146 Warps   FAILURE
2019-04-25 09:51:47,146 Warps     [('0xb', '0x4af7fa')]
2019-04-25 09:51:47,146 Warps --------------------------------------------------
2019-04-25 09:51:47,146 Warps Level: Vanish Cap Area: 0x1
2019-04-25 09:51:47,146 Warps   Exits
2019-04-25 09:51:47,146 Warps   SUCCESS
2019-04-25 09:51:47,146 Warps     [('0x8', '0x46139a')]
2019-04-25 09:51:47,146 Warps   FAILURE
2019-04-25 09:51:47,146 Warps     [('0x6', '0x4613a2')]
2019-04-25 09:51:47,146 Warps 
2019-04-25 09:51:47,146 Warps   Entries:
2019-04-25 09:51:47,146 Warps [('0x5', '0x45469a')]
2019-04-25 09:51:47,146 Warps 
2019-04-25 09:51:47,147 Warps   Anim Warps:
2019-04-25 09:51:47,147 Warps   SUCCESS
2019-04-25 09:51:47,147 Warps     [('0x8', '0x4546b2')]
2019-04-25 09:51:47,147 Warps   FAILURE
2019-04-25 09:51:47,147 Warps     [('0x6', '0x4546a2')]
2019-04-25 09:51:47,147 Warps --------------------------------------------------
2019-04-25 09:51:47,147 Warps Level: Bob-omb Battlefield Area: 0x1
2019-04-25 09:51:47,147 Warps   Exits
2019-04-25 09:51:47,147 Warps   SUCCESS
2019-04-25 09:51:47,147 Warps     [('0x32', '0x405e3e')]
2019-04-25 09:51:47,147 Warps   FAILURE
2019-04-25 09:51:47,147 Warps     [('0x64', '0x405e46')]
2019-04-25 09:51:47,147 Warps 
2019-04-25 09:51:47,147 Warps   Entries:
2019-04-25 09:51:47,147 Warps [('0x0', '0x3cf19a'), ('0x1', '0x3cf1a2'), ('0x2', '0x3cf1aa')]
2019-04-25 09:51:47,147 Warps 
2019-04-25 09:51:47,147 Warps   Anim Warps:
2019-04-25 09:51:47,147 Warps   SUCCESS
2019-04-25 09:51:47,147 Warps     [('0x32', '0x3cf422'), ('0x32', '0x3cf6fe'), ('0x32', '0x3cf9c2')]
2019-04-25 09:51:47,147 Warps   FAILURE
2019-04-25 09:51:47,147 Warps     [('0x64', '0x3cf4a2'), ('0x64', '0x3cf816'), ('0x64', '0x3cfa62')]
2019-04-25 09:51:47,147 Warps --------------------------------------------------
2019-04-25 09:51:47,147 Warps Level: Cool, Cool Mountain Area: 0x1
2019-04-25 09:51:47,147 Warps   Exits
2019-04-25 09:51:47,147 Warps   SUCCESS
2019-04-25 09:51:47,147 Warps     [('0x33', '0x395f8e'), ('0x33', '0x39600a')]
2019-04-25 09:51:47,147 Warps   FAILURE
2019-04-25 09:51:47,148 Warps     [('0x65', '0x395f96'), ('0x65', '0x396012')]
2019-04-25 09:51:47,148 Warps 
2019-04-25 09:51:47,148 Warps   Entries:
2019-04-25 09:51:47,148 Warps [('0x3', '0x3cf1b2'), ('0x4', '0x3cf1ba'), ('0x5', '0x3cf1c2')]
2019-04-25 09:51:47,148 Warps 
2019-04-25 09:51:47,148 Warps   Anim Warps:
2019-04-25 09:51:47,148 Warps   SUCCESS
2019-04-25 09:51:47,148 Warps     [('0x33', '0x3cf42a'), ('0x33', '0x3cf706'), ('0x33', '0x3cf9ca'), ('0x33', '0x3cf42a'), ('0x33', '0x3cf706'), ('0x33', '0x3cf9ca')]
2019-04-25 09:51:47,148 Warps   FAILURE
2019-04-25 09:51:47,148 Warps     [('0x65', '0x3cf4aa'), ('0x65', '0x3cf81e'), ('0x65', '0x3cfa6a'), ('0x65', '0x3cf4aa'), ('0x65', '0x3cf81e'), ('0x65', '0x3cfa6a')]
2019-04-25 09:51:47,148 Warps --------------------------------------------------
2019-04-25 09:51:47,148 Warps Level: Whomp's Fortress Area: 0x1
2019-04-25 09:51:47,148 Warps   Exits
2019-04-25 09:51:47,148 Warps   SUCCESS
2019-04-25 09:51:47,148 Warps     [('0x34', '0x49e1b2')]
2019-04-25 09:51:47,148 Warps   FAILURE
2019-04-25 09:51:47,148 Warps     [('0x66', '0x49e1ba')]
2019-04-25 09:51:47,148 Warps 
2019-04-25 09:51:47,148 Warps   Entries:
2019-04-25 09:51:47,148 Warps [('0x6', '0x3cf1ca'), ('0x7', '0x3cf1d2'), ('0x8', '0x3cf1da')]
2019-04-25 09:51:47,148 Warps 
2019-04-25 09:51:47,148 Warps   Anim Warps:
2019-04-25 09:51:47,148 Warps   SUCCESS
2019-04-25 09:51:47,148 Warps     [('0x34', '0x3cf432'), ('0x34', '0x3cf70e'), ('0x34', '0x3cf9d2')]
2019-04-25 09:51:47,148 Warps   FAILURE
2019-04-25 09:51:47,148 Warps     [('0x66', '0x3cf4b2'), ('0x66', '0x3cf826'), ('0x66', '0x3cfa72')]
2019-04-25 09:51:47,148 Warps --------------------------------------------------
2019-04-25 09:51:47,149 Warps Level: Jolly Roger Bay Area: 0x1
2019-04-25 09:51:47,149 Warps   Exits
2019-04-25 09:51:47,149 Warps   SUCCESS
2019-04-25 09:51:47,149 Warps     [('0x35', '0x42433a'), ('0x35', '0x4243b6')]
2019-04-25 09:51:47,149 Warps   FAILURE
2019-04-25 09:51:47,149 Warps     [('0x67', '0x424342'), ('0x67', '0x4243be')]
2019-04-25 09:51:47,149 Warps 
2019-04-25 09:51:47,149 Warps   Entries:
2019-04-25 09:51:47,149 Warps [('0x9', '0x3cf1e2'), ('0xa', '0x3cf1ea'), ('0xb', '0x3cf1f2')]
2019-04-25 09:51:47,149 Warps 
2019-04-25 09:51:47,149 Warps   Anim Warps:
2019-04-25 09:51:47,149 Warps   SUCCESS
2019-04-25 09:51:47,149 Warps     [('0x35', '0x3cf43a'), ('0x35', '0x3cf716'), ('0x35', '0x3cf9da'), ('0x35', '0x3cf43a'), ('0x35', '0x3cf716'), ('0x35', '0x3cf9da')]
2019-04-25 09:51:47,149 Warps   FAILURE
2019-04-25 09:51:47,149 Warps     [('0x67', '0x3cf4ba'), ('0x67', '0x3cf82e'), ('0x67', '0x3cfa7a'), ('0x67', '0x3cf4ba'), ('0x67', '0x3cf82e'), ('0x67', '0x3cfa7a')]
2019-04-25 09:51:47,149 Warps --------------------------------------------------
2019-04-25 09:51:47,149 Warps Level: Secret Slide Area: 0x1
2019-04-25 09:51:47,149 Warps   Exits
2019-04-25 09:51:47,149 Warps   SUCCESS
2019-04-25 09:51:47,149 Warps     [('0x26', '0x4b7fae')]
2019-04-25 09:51:47,149 Warps   FAILURE
2019-04-25 09:51:47,149 Warps     [('0x23', '0x4b7fb6')]
2019-04-25 09:51:47,149 Warps 
2019-04-25 09:51:47,149 Warps   Entries:
2019-04-25 09:51:47,149 Warps [('0xa', '0x3cf212')]
2019-04-25 09:51:47,149 Warps 
2019-04-25 09:51:47,149 Warps   Anim Warps:
2019-04-25 09:51:47,149 Warps   SUCCESS
2019-04-25 09:51:47,150 Warps     [('0x26', '0x3cf3aa')]
2019-04-25 09:51:47,150 Warps   FAILURE
2019-04-25 09:51:47,150 Warps     [('0x23', '0x3cf392')]
2019-04-25 09:51:47,150 Warps --------------------------------------------------
2019-04-25 09:51:47,150 Warps Level: Bowser in the Dark World Area: 0x1
2019-04-25 09:51:47,150 Warps   Exits
2019-04-25 09:51:47,150 Warps   FAILURE
2019-04-25 09:51:47,150 Warps     [('0x25', '0x45c2a6')]
2019-04-25 09:51:47,150 Warps 
2019-04-25 09:51:47,150 Warps   Entries:
2019-04-25 09:51:47,150 Warps [('0xb', '0x3cf232')]
2019-04-25 09:51:47,150 Warps 
2019-04-25 09:51:47,150 Warps   Anim Warps:
2019-04-25 09:51:47,150 Warps   FAILURE
2019-04-25 09:51:47,150 Warps     [('0x25', '0x3cf3a2')]
2019-04-25 09:51:47,150 Warps --------------------------------------------------
2019-04-25 09:51:47,150 Warps Level: Secret Aquarium Area: 0x1
2019-04-25 09:51:47,150 Warps   Exits
2019-04-25 09:51:47,150 Warps   SUCCESS
2019-04-25 09:51:47,150 Warps     [('0x27', '0x46c29e')]
2019-04-25 09:51:47,150 Warps   FAILURE
2019-04-25 09:51:47,150 Warps     [('0x28', '0x46c2a6')]
2019-04-25 09:51:47,150 Warps 
2019-04-25 09:51:47,150 Warps   Entries:
2019-04-25 09:51:47,150 Warps [('0xc', '0x3cf252')]
2019-04-25 09:51:47,150 Warps 
2019-04-25 09:51:47,150 Warps   Anim Warps:
2019-04-25 09:51:47,151 Warps   SUCCESS
2019-04-25 09:51:47,151 Warps     [('0x27', '0x3cf3b2')]
2019-04-25 09:51:47,151 Warps   FAILURE
2019-04-25 09:51:47,151 Warps     [('0x28', '0x3cf3ba')]
2019-04-25 09:51:47,151 Warps --------------------------------------------------
2019-04-25 09:51:47,151 Warps Level: Wing Cap Area: 0x1
2019-04-25 09:51:47,151 Warps   Exits
2019-04-25 09:51:47,151 Warps   SUCCESS
2019-04-25 09:51:47,151 Warps     [('0x26', '0x4c27ea')]
2019-04-25 09:51:47,151 Warps   FAILURE
2019-04-25 09:51:47,151 Warps     [('0x23', '0x4c27f2')]
2019-04-25 09:51:47,151 Warps 
2019-04-25 09:51:47,151 Warps   Entries:
2019-04-25 09:51:47,151 Warps [('0xf2', '0x3cf25a')]
2019-04-25 09:51:47,151 Warps 
2019-04-25 09:51:47,151 Warps   Anim Warps:
2019-04-25 09:51:47,151 Warps   SUCCESS
2019-04-25 09:51:47,151 Warps     [('0x26', '0x3cf3aa')]
2019-04-25 09:51:47,151 Warps   FAILURE
2019-04-25 09:51:47,151 Warps     [('0x23', '0x3cf392')]
2019-04-25 09:51:47,151 Warps --------------------------------------------------
2019-04-25 09:51:47,151 Warps Level: Wet-Dry World Area: 0x1
2019-04-25 09:51:47,151 Warps   Exits
2019-04-25 09:51:47,151 Warps   SUCCESS
2019-04-25 09:51:47,151 Warps     [('0x32', '0x41a452'), ('0x32', '0x41a4a6')]
2019-04-25 09:51:47,151 Warps   FAILURE
2019-04-25 09:51:47,151 Warps     [('0x64', '0x41a45a'), ('0x64', '0x41a4ae')]
2019-04-25 09:51:47,152 Warps 
2019-04-25 09:51:47,152 Warps   Entries:
2019-04-25 09:51:47,152 Warps [('0x18', '0x3cf566'), ('0x19', '0x3cf56e'), ('0x1a', '0x3cf576')]
2019-04-25 09:51:47,152 Warps 
2019-04-25 09:51:47,152 Warps   Anim Warps:
2019-04-25 09:51:47,152 Warps   SUCCESS
2019-04-25 09:51:47,152 Warps     [('0x32', '0x3cf422'), ('0x32', '0x3cf6fe'), ('0x32', '0x3cf9c2'), ('0x32', '0x3cf422'), ('0x32', '0x3cf6fe'), ('0x32', '0x3cf9c2')]
2019-04-25 09:51:47,152 Warps   FAILURE
2019-04-25 09:51:47,152 Warps     [('0x64', '0x3cf4a2'), ('0x64', '0x3cf816'), ('0x64', '0x3cfa62'), ('0x64', '0x3cf4a2'), ('0x64', '0x3cf816'), ('0x64', '0x3cfa62')]
2019-04-25 09:51:47,152 Warps --------------------------------------------------
2019-04-25 09:51:47,152 Warps Level: Tiny-Huge Island Area: 0x2
2019-04-25 09:51:47,152 Warps   Exits
2019-04-25 09:51:47,152 Warps   SUCCESS
2019-04-25 09:51:47,152 Warps     [('0x37', '0x42caba'), ('0x33', '0x42cb72'), ('0x37', '0x42cc22')]
2019-04-25 09:51:47,152 Warps   FAILURE
2019-04-25 09:51:47,152 Warps     [('0x69', '0x42cac2'), ('0x65', '0x42cb7a'), ('0x69', '0x42cc2a')]
2019-04-25 09:51:47,152 Warps 
2019-04-25 09:51:47,153 Warps   Entries:
2019-04-25 09:51:47,153 Warps [('0x1b', '0x3cf57e'), ('0x1c', '0x3cf586'), ('0x1d', '0x3cf58e')]
2019-04-25 09:51:47,153 Warps 
2019-04-25 09:51:47,153 Warps   Anim Warps:
2019-04-25 09:51:47,153 Warps   SUCCESS
2019-04-25 09:51:47,153 Warps     [('0x37', '0x3cf726'), ('0x33', '0x3cf42a'), ('0x33', '0x3cf706'), ('0x33', '0x3cf9ca'), ('0x37', '0x3cf726')]
2019-04-25 09:51:47,153 Warps   FAILURE
2019-04-25 09:51:47,153 Warps     [('0x69', '0x3cf83e'), ('0x65', '0x3cf4aa'), ('0x65', '0x3cf81e'), ('0x65', '0x3cfa6a'), ('0x69', '0x3cf83e')]
2019-04-25 09:51:47,153 Warps --------------------------------------------------
2019-04-25 09:51:47,153 Warps Level: Tall, Tall Mountain Area: 0x1
2019-04-25 09:51:47,153 Warps   Exits
2019-04-25 09:51:47,153 Warps   SUCCESS
2019-04-25 09:51:47,153 Warps     [('0x34', '0x4eb76e'), ('0x34', '0x4eb7de'), ('0x34', '0x4eb82a'), ('0x34', '0x4eb896')]
2019-04-25 09:51:47,153 Warps   FAILURE
2019-04-25 09:51:47,153 Warps     [('0x66', '0x4eb776'), ('0x66', '0x4eb7e6'), ('0x66', '0x4eb832'), ('0x66', '0x4eb89e')]
2019-04-25 09:51:47,153 Warps 
2019-04-25 09:51:47,153 Warps   Entries:
2019-04-25 09:51:47,153 Warps [('0x1e', '0x3cf596'), ('0x1f', '0x3cf59e'), ('0x20', '0x3cf5a6')]
2019-04-25 09:51:47,153 Warps 
2019-04-25 09:51:47,153 Warps   Anim Warps:
2019-04-25 09:51:47,153 Warps   SUCCESS
2019-04-25 09:51:47,153 Warps     [('0x34', '0x3cf432'), ('0x34', '0x3cf70e'), ('0x34', '0x3cf9d2'), ('0x34', '0x3cf432'), ('0x34', '0x3cf70e'), ('0x34', '0x3cf9d2'), ('0x34', '0x3cf432'), ('0x34', '0x3cf70e'), ('0x34', '0x3cf9d2'), ('0x34', '0x3cf432'), ('0x34', '0x3cf70e'), ('0x34', '0x3cf9d2')]
2019-04-25 09:51:47,153 Warps   FAILURE
2019-04-25 09:51:47,153 Warps     [('0x66', '0x3cf4b2'), ('0x66', '0x3cf826'), ('0x66', '0x3cfa72'), ('0x66', '0x3cf4b2'), ('0x66', '0x3cf826'), ('0x66', '0x3cfa72'), ('0x66', '0x3cf4b2'), ('0x66', '0x3cf826'), ('0x66', '0x3cfa72'), ('0x66', '0x3cf4b2'), ('0x66', '0x3cf826'), ('0x66', '0x3cfa72')]
2019-04-25 09:51:47,153 Warps --------------------------------------------------
2019-04-25 09:51:47,154 Warps Level: Tick Tock Clock Area: 0x1
2019-04-25 09:51:47,154 Warps   Exits
2019-04-25 09:51:47,154 Warps   SUCCESS
2019-04-25 09:51:47,154 Warps     [('0x35', '0x4375d6')]
2019-04-25 09:51:47,154 Warps   FAILURE
2019-04-25 09:51:47,154 Warps     [('0x67', '0x4375de')]
2019-04-25 09:51:47,154 Warps 
2019-04-25 09:51:47,154 Warps   Entries:
2019-04-25 09:51:47,154 Warps [('0x21', '0x3cf5ae'), ('0x22', '0x3cf5b6'), ('0x23', '0x3cf5be')]
2019-04-25 09:51:47,154 Warps 
2019-04-25 09:51:47,154 Warps   Anim Warps:
2019-04-25 09:51:47,154 Warps   SUCCESS
2019-04-25 09:51:47,154 Warps     [('0x35', '0x3cf43a'), ('0x35', '0x3cf716'), ('0x35', '0x3cf9da')]
2019-04-25 09:51:47,154 Warps   FAILURE
2019-04-25 09:51:47,154 Warps     [('0x67', '0x3cf4ba'), ('0x67', '0x3cf82e'), ('0x67', '0x3cfa7a')]
2019-04-25 09:51:47,154 Warps --------------------------------------------------
2019-04-25 09:51:47,154 Warps Level: Snowman's Land Area: 0x1
2019-04-25 09:51:47,154 Warps   Exits
2019-04-25 09:51:47,154 Warps   SUCCESS
2019-04-25 09:51:47,154 Warps     [('0x36', '0x40eac6'), ('0x36', '0x40eb46')]
2019-04-25 09:51:47,154 Warps   FAILURE
2019-04-25 09:51:47,154 Warps     [('0x68', '0x40eace'), ('0x68', '0x40eb4e')]
2019-04-25 09:51:47,154 Warps 
2019-04-25 09:51:47,154 Warps   Entries:
2019-04-25 09:51:47,154 Warps [('0x24', '0x3cf5c6'), ('0x25', '0x3cf5ce'), ('0x26', '0x3cf5d6')]
2019-04-25 09:51:47,154 Warps 
2019-04-25 09:51:47,155 Warps   Anim Warps:
2019-04-25 09:51:47,155 Warps   SUCCESS
2019-04-25 09:51:47,155 Warps     [('0x36', '0x3cf71e'), ('0x36', '0x3cf9e2'), ('0x36', '0x3cf71e'), ('0x36', '0x3cf9e2')]
2019-04-25 09:51:47,155 Warps   FAILURE
2019-04-25 09:51:47,155 Warps     [('0x68', '0x3cf836'), ('0x68', '0x3cfa82'), ('0x68', '0x3cf836'), ('0x68', '0x3cfa82')]
2019-04-25 09:51:47,155 Warps --------------------------------------------------
2019-04-25 09:51:47,155 Warps Level: Tiny-Huge Island Area: 0x1
2019-04-25 09:51:47,155 Warps   Exits
2019-04-25 09:51:47,155 Warps   SUCCESS
2019-04-25 09:51:47,155 Warps     [('0x37', '0x42caba'), ('0x33', '0x42cb72'), ('0x37', '0x42cc22')]
2019-04-25 09:51:47,155 Warps   FAILURE
2019-04-25 09:51:47,155 Warps     [('0x69', '0x42cac2'), ('0x65', '0x42cb7a'), ('0x69', '0x42cc2a')]
2019-04-25 09:51:47,155 Warps 
2019-04-25 09:51:47,155 Warps   Entries:
2019-04-25 09:51:47,155 Warps [('0x27', '0x3cf5de'), ('0x28', '0x3cf5e6'), ('0x29', '0x3cf5ee')]
2019-04-25 09:51:47,155 Warps 
2019-04-25 09:51:47,155 Warps   Anim Warps:
2019-04-25 09:51:47,155 Warps   SUCCESS
2019-04-25 09:51:47,155 Warps     [('0x37', '0x3cf726'), ('0x33', '0x3cf42a'), ('0x33', '0x3cf706'), ('0x33', '0x3cf9ca'), ('0x37', '0x3cf726')]
2019-04-25 09:51:47,155 Warps   FAILURE
2019-04-25 09:51:47,155 Warps     [('0x69', '0x3cf83e'), ('0x65', '0x3cf4aa'), ('0x65', '0x3cf81e'), ('0x65', '0x3cfa6a'), ('0x69', '0x3cf83e')]
2019-04-25 09:51:47,155 Warps --------------------------------------------------
2019-04-25 09:51:47,155 Warps Level: Rainbow Ride Area: 0x1
2019-04-25 09:51:47,155 Warps   Exits
2019-04-25 09:51:47,155 Warps   SUCCESS
2019-04-25 09:51:47,155 Warps     [('0x3a', '0x44a726')]
2019-04-25 09:51:47,155 Warps   FAILURE
2019-04-25 09:51:47,155 Warps     [('0x6c', '0x44a72e')]
2019-04-25 09:51:47,156 Warps 
2019-04-25 09:51:47,156 Warps   Entries:
2019-04-25 09:51:47,156 Warps [('0x2a', '0x3cf5f6')]
2019-04-25 09:51:47,156 Warps 
2019-04-25 09:51:47,156 Warps   Anim Warps:
2019-04-25 09:51:47,156 Warps   SUCCESS
2019-04-25 09:51:47,156 Warps     [('0x3a', '0x3cf736')]
2019-04-25 09:51:47,156 Warps   FAILURE
2019-04-25 09:51:47,156 Warps     [('0x6c', '0x3cf84e')]
2019-04-25 09:51:47,156 Warps --------------------------------------------------
2019-04-25 09:51:47,156 Warps Level: Rainbow Bonus Area: 0x1
2019-04-25 09:51:47,156 Warps   Exits
2019-04-25 09:51:47,156 Warps   SUCCESS
2019-04-25 09:51:47,156 Warps     [('0x38', '0x4cdaa2')]
2019-04-25 09:51:47,156 Warps   FAILURE
2019-04-25 09:51:47,156 Warps     [('0x6d', '0x4cdaaa')]
2019-04-25 09:51:47,156 Warps 
2019-04-25 09:51:47,156 Warps   Entries:
2019-04-25 09:51:47,156 Warps [('0xa', '0x3cf616')]
2019-04-25 09:51:47,156 Warps 
2019-04-25 09:51:47,156 Warps   Anim Warps:
2019-04-25 09:51:47,156 Warps   SUCCESS
2019-04-25 09:51:47,156 Warps     [('0x38', '0x3cf72e')]
2019-04-25 09:51:47,156 Warps   FAILURE
2019-04-25 09:51:47,156 Warps     [('0x6d', '0x3cf856')]
2019-04-25 09:51:47,156 Warps --------------------------------------------------
2019-04-25 09:51:47,156 Warps Level: Lethal Lava Land Area: 0x1
2019-04-25 09:51:47,157 Warps   Exits
2019-04-25 09:51:47,157 Warps   SUCCESS
2019-04-25 09:51:47,157 Warps     [('0x32', '0x48d29a'), ('0x32', '0x48d31e')]
2019-04-25 09:51:47,157 Warps   FAILURE
2019-04-25 09:51:47,157 Warps     [('0x64', '0x48d2a2'), ('0x64', '0x48d326')]
2019-04-25 09:51:47,157 Warps 
2019-04-25 09:51:47,157 Warps   Entries:
2019-04-25 09:51:47,157 Warps [('0xc', '0x3cf8da'), ('0xd', '0x3cf8e2'), ('0xe', '0x3cf8ea')]
2019-04-25 09:51:47,157 Warps 
2019-04-25 09:51:47,157 Warps   Anim Warps:
2019-04-25 09:51:47,157 Warps   SUCCESS
2019-04-25 09:51:47,157 Warps     [('0x32', '0x3cf422'), ('0x32', '0x3cf6fe'), ('0x32', '0x3cf9c2'), ('0x32', '0x3cf422'), ('0x32', '0x3cf6fe'), ('0x32', '0x3cf9c2')]
2019-04-25 09:51:47,157 Warps   FAILURE
2019-04-25 09:51:47,157 Warps     [('0x64', '0x3cf4a2'), ('0x64', '0x3cf816'), ('0x64', '0x3cfa62'), ('0x64', '0x3cf4a2'), ('0x64', '0x3cf816'), ('0x64', '0x3cfa62')]
2019-04-25 09:51:47,157 Warps --------------------------------------------------
2019-04-25 09:51:47,157 Warps Level: Shifting Sand Land Area: 0x1
2019-04-25 09:51:47,157 Warps   Exits
2019-04-25 09:51:47,157 Warps   SUCCESS
2019-04-25 09:51:47,157 Warps     [('0x33', '0x3fbdb2'), ('0x33', '0x3fbe82'), ('0x33', '0x3fbed6')]
2019-04-25 09:51:47,157 Warps   FAILURE
2019-04-25 09:51:47,157 Warps     [('0x65', '0x3fbdba'), ('0x65', '0x3fbe8a'), ('0x65', '0x3fbede')]
2019-04-25 09:51:47,157 Warps 
2019-04-25 09:51:47,157 Warps   Entries:
2019-04-25 09:51:47,157 Warps [('0xf', '0x3cf8f2'), ('0x10', '0x3cf8fa'), ('0x11', '0x3cf902')]
2019-04-25 09:51:47,157 Warps 
2019-04-25 09:51:47,157 Warps   Anim Warps:
2019-04-25 09:51:47,157 Warps   SUCCESS
2019-04-25 09:51:47,158 Warps     [('0x33', '0x3cf42a'), ('0x33', '0x3cf706'), ('0x33', '0x3cf9ca'), ('0x33', '0x3cf42a'), ('0x33', '0x3cf706'), ('0x33', '0x3cf9ca'), ('0x33', '0x3cf42a'), ('0x33', '0x3cf706'), ('0x33', '0x3cf9ca')]
2019-04-25 09:51:47,158 Warps   FAILURE
2019-04-25 09:51:47,158 Warps     [('0x65', '0x3cf4aa'), ('0x65', '0x3cf81e'), ('0x65', '0x3cfa6a'), ('0x65', '0x3cf4aa'), ('0x65', '0x3cf81e'), ('0x65', '0x3cfa6a'), ('0x65', '0x3cf4aa'), ('0x65', '0x3cf81e'), ('0x65', '0x3cfa6a')]
2019-04-25 09:51:47,158 Warps --------------------------------------------------
2019-04-25 09:51:47,158 Warps Level: Hazy Maze Cave Area: 0x1
2019-04-25 09:51:47,158 Warps   Exits
2019-04-25 09:51:47,158 Warps   SUCCESS
2019-04-25 09:51:47,158 Warps     [('0x34', '0x3e6eae')]
2019-04-25 09:51:47,158 Warps   FAILURE
2019-04-25 09:51:47,158 Warps     [('0x66', '0x3e6eb6')]
2019-04-25 09:51:47,158 Warps 
2019-04-25 09:51:47,158 Warps   Entries:
2019-04-25 09:51:47,158 Warps [('0x2a', '0x3cf90a')]
2019-04-25 09:51:47,158 Warps 
2019-04-25 09:51:47,158 Warps   Anim Warps:
2019-04-25 09:51:47,158 Warps   SUCCESS
2019-04-25 09:51:47,158 Warps     [('0x34', '0x3cf432'), ('0x34', '0x3cf70e'), ('0x34', '0x3cf9d2')]
2019-04-25 09:51:47,158 Warps   FAILURE
2019-04-25 09:51:47,158 Warps     [('0x66', '0x3cf4b2'), ('0x66', '0x3cf826'), ('0x66', '0x3cfa72')]
2019-04-25 09:51:47,158 Warps --------------------------------------------------
2019-04-25 09:51:47,158 Warps Level: Dire, Dire Docks Area: 0x1
2019-04-25 09:51:47,158 Warps   Exits
2019-04-25 09:51:47,158 Warps   SUCCESS
2019-04-25 09:51:47,158 Warps     [('0x35', '0x495db2'), ('0x35', '0x495e2a')]
2019-04-25 09:51:47,158 Warps   FAILURE
2019-04-25 09:51:47,158 Warps     [('0x67', '0x495dba'), ('0x67', '0x495e32')]
2019-04-25 09:51:47,158 Warps 
2019-04-25 09:51:47,159 Warps   Entries:
2019-04-25 09:51:47,159 Warps [('0x15', '0x3cf912'), ('0x16', '0x3cf91a'), ('0x17', '0x3cf922')]
2019-04-25 09:51:47,159 Warps 
2019-04-25 09:51:47,159 Warps   Anim Warps:
2019-04-25 09:51:47,159 Warps   SUCCESS
2019-04-25 09:51:47,159 Warps     [('0x35', '0x3cf43a'), ('0x35', '0x3cf716'), ('0x35', '0x3cf9da'), ('0x35', '0x3cf43a'), ('0x35', '0x3cf716'), ('0x35', '0x3cf9da')]
2019-04-25 09:51:47,159 Warps   FAILURE
2019-04-25 09:51:47,159 Warps     [('0x67', '0x3cf4ba'), ('0x67', '0x3cf82e'), ('0x67', '0x3cfa7a'), ('0x67', '0x3cf4ba'), ('0x67', '0x3cf82e'), ('0x67', '0x3cfa7a')]
2019-04-25 09:51:47,159 Warps --------------------------------------------------
2019-04-25 09:51:47,159 Warps Level: Bowser in the Fire Sea Area: 0x1
2019-04-25 09:51:47,159 Warps   Exits
2019-04-25 09:51:47,159 Warps   FAILURE
2019-04-25 09:51:47,159 Warps     [('0x68', '0x46ac7a')]
2019-04-25 09:51:47,159 Warps 
2019-04-25 09:51:47,159 Warps   Entries:
2019-04-25 09:51:47,159 Warps [('0x18', '0x3cf942')]
2019-04-25 09:51:47,159 Warps 
2019-04-25 09:51:47,159 Warps   Anim Warps:
2019-04-25 09:51:47,159 Warps   FAILURE
2019-04-25 09:51:47,159 Warps     [('0x68', '0x3cf836'), ('0x68', '0x3cfa82')]
2019-04-25 09:51:47,159 Warps --------------------------------------------------
2019-04-25 09:51:47,159 Warps Big Boo's Haunt                          (Area 0x1): SUCCESS: Animation Warps replacing 1 entries
2019-04-25 09:51:47,159 Warps Big Boo's Haunt                          (Area 0x1): FAILURE: Animation Warps replacing 1 entries
2019-04-25 09:51:47,160 Warps Lethal Lava Land                         (Area 0x1): SUCCESS: Animation Warps replacing 2 entries
2019-04-25 09:51:47,160 Warps Lethal Lava Land                         (Area 0x1): FAILURE: Animation Warps replacing 2 entries
2019-04-25 09:51:47,160 Warps Whomp's Fortress                         (Area 0x1): SUCCESS: Animation Warps replacing 1 entries
2019-04-25 09:51:47,160 Warps Whomp's Fortress                         (Area 0x1): FAILURE: Animation Warps replacing 1 entries
2019-04-25 09:51:47,160 Warps Bob-omb Battlefield                      (Area 0x1): SUCCESS: Animation Warps replacing 1 entries
2019-04-25 09:51:47,160 Warps Bob-omb Battlefield                      (Area 0x1): FAILURE: Animation Warps replacing 1 entries
2019-04-25 09:51:47,160 Warps Hazy Maze Cave                           (Area 0x1): SUCCESS: Animation Warps replacing 1 entries
2019-04-25 09:51:47,161 Warps Hazy Maze Cave                           (Area 0x1): FAILURE: Animation Warps replacing 1 entries
2019-04-25 09:51:47,161 Warps Wing Cap                                 (Area 0x1): SUCCESS: Animation Warps replacing 1 entries
2019-04-25 09:51:47,161 Warps Wing Cap                                 (Area 0x1): FAILURE: Animation Warps replacing 1 entries
2019-04-25 09:51:47,161 Warps Tick Tock Clock                          (Area 0x1): SUCCESS: Animation Warps replacing 1 entries
2019-04-25 09:51:47,161 Warps Tick Tock Clock                          (Area 0x1): FAILURE: Animation Warps replacing 1 entries
2019-04-25 09:51:47,161 Warps Wet-Dry World                            (Area 0x1): SUCCESS: Animation Warps replacing 2 entries
2019-04-25 09:51:47,161 Warps Wet-Dry World                            (Area 0x1): FAILURE: Animation Warps replacing 2 entries
2019-04-25 09:51:47,161 Warps Vanish Cap                               (Area 0x1): SUCCESS: Animation Warps replacing 1 entries
2019-04-25 09:51:47,162 Warps Vanish Cap                               (Area 0x1): FAILURE: Animation Warps replacing 1 entries
2019-04-25 09:51:47,162 Warps Tall, Tall Mountain                      (Area 0x1): SUCCESS: Animation Warps replacing 4 entries
2019-04-25 09:51:47,162 Warps Tall, Tall Mountain                      (Area 0x1): FAILURE: Animation Warps replacing 4 entries
2019-04-25 09:51:47,162 Warps Secret Aquarium                          (Area 0x1): SUCCESS: Animation Warps replacing 1 entries
2019-04-25 09:51:47,162 Warps Secret Aquarium                          (Area 0x1): FAILURE: Animation Warps replacing 1 entries
2019-04-25 09:51:47,163 Warps Bowser in the Dark World                 (Area 0x1): FAILURE: Animation Warps replacing 1 entries
2019-04-25 09:51:47,163 Warps Bowser in the Fire Sea                   (Area 0x1): FAILURE: Animation Warps replacing 1 entries
2019-04-25 09:51:47,163 Warps Tiny-Huge Island                         (Area 0x1): SUCCESS: Animation Warps replacing 3 entries
2019-04-25 09:51:47,163 Warps Tiny-Huge Island                         (Area 0x1): FAILURE: Animation Warps replacing 3 entries
2019-04-25 09:51:47,163 Warps Rainbow Bonus                            (Area 0x1): SUCCESS: Animation Warps replacing 1 entries
2019-04-25 09:51:47,163 Warps Rainbow Bonus                            (Area 0x1): FAILURE: Animation Warps replacing 1 entries
2019-04-25 09:51:47,164 Warps Shifting Sand Land                       (Area 0x1): SUCCESS: Animation Warps replacing 3 entries
2019-04-25 09:51:47,164 Warps Shifting Sand Land                       (Area 0x1): FAILURE: Animation Warps replacing 3 entries
2019-04-25 09:51:47,164 Warps Secret Slide                             (Area 0x1): SUCCESS: Animation Warps replacing 1 entries
2019-04-25 09:51:47,164 Warps Secret Slide                             (Area 0x1): FAILURE: Animation Warps replacing 1 entries
2019-04-25 09:51:47,164 Warps Tiny-Huge Island                         (Area 0x2): SUCCESS: Animation Warps replacing 3 entries
2019-04-25 09:51:47,165 Warps Tiny-Huge Island                         (Area 0x2): FAILURE: Animation Warps replacing 3 entries
2019-04-25 09:51:47,165 Warps Rainbow Ride                             (Area 0x1): SUCCESS: Animation Warps replacing 1 entries
2019-04-25 09:51:47,165 Warps Rainbow Ride                             (Area 0x1): FAILURE: Animation Warps replacing 1 entries
2019-04-25 09:51:47,165 Warps Snowman's Land                           (Area 0x1): SUCCESS: Animation Warps replacing 2 entries
2019-04-25 09:51:47,165 Warps Snowman's Land                           (Area 0x1): FAILURE: Animation Warps replacing 2 entries
2019-04-25 09:51:47,165 Warps Jolly Roger Bay                          (Area 0x1): SUCCESS: Animation Warps replacing 2 entries
2019-04-25 09:51:47,165 Warps Jolly Roger Bay                          (Area 0x1): FAILURE: Animation Warps replacing 2 entries
2019-04-25 09:51:47,166 Warps Dire, Dire Docks                         (Area 0x1): SUCCESS: Animation Warps replacing 2 entries
2019-04-25 09:51:47,166 Warps Dire, Dire Docks                         (Area 0x1): FAILURE: Animation Warps replacing 2 entries
2019-04-25 09:51:47,166 Warps Cool, Cool Mountain                      (Area 0x1): SUCCESS: Animation Warps replacing 2 entries
2019-04-25 09:51:47,166 Warps Cool, Cool Mountain                      (Area 0x1): FAILURE: Animation Warps replacing 2 entries
