-----------------WARPS------------------
Big Boo's Haunt leads to Wing Cap
Vanish Cap leads to Dire, Dire Docks
Bob-omb Battlefield leads to Hazy Maze Cave
Cool, Cool Mountain leads to Cool, Cool Mountain
Whomp's Fortress leads to Bowser in the Fire Sea
Jolly Roger Bay leads to Lethal Lava Land
Secret Slide leads to Secret Aquarium
Bowser in the Dark World leads to Rainbow Ride
Secret Aquarium leads to Jolly Roger Bay
Wing Cap leads to Snowman's Land
Wet-Dry World leads to Tall, Tall Mountain
Tiny-Huge Island leads to Tiny-Huge Island
Tall, Tall Mountain leads to Tick Tock Clock
Tick Tock Clock leads to Bowser in the Dark World
Snowman's Land leads to Rainbow Bonus
Tiny-Huge Island leads to Shifting Sand Land
Rainbow Ride leads to Bob-omb Battlefield
Rainbow Bonus leads to Big Boo's Haunt
Lethal Lava Land leads to Tiny-Huge Island
Shifting Sand Land leads to Whomp's Fortress
Hazy Maze Cave leads to Secret Slide
Dire, Dire Docks leads to Vanish Cap
Bowser in the Fire Sea leads to Wet-Dry World
